#
# A fatal error has been detected by the Java Runtime Environment:
#
#  SIGSEGV (0xb) at pc=0x00000001034232b0, pid=27375, tid=25347
#
# JRE version: Java(TM) SE Runtime Environment (8.0_25-b17) (build 1.8.0_25-b17)
# Java VM: Java HotSpot(TM) 64-Bit Server VM (25.25-b02 mixed mode bsd-amd64 compressed oops)
# Problematic frame:
# V  [libjvm.dylib+0x4232b0]
#
# Failed to write core dump. Core dumps have been disabled. To enable core dumping, try "ulimit -c unlimited" before starting Java again
#
# If you would like to submit a bug report, please visit:
#   http://bugreport.sun.com/bugreport/crash.jsp
#

---------------  T H R E A D  ---------------

Current thread (0x00007fc5ba80a000):  JavaThread "JDWP Transport Listener: dt_socket" daemon [_thread_in_vm, id=25347, stack(0x0000000124193000,0x0000000124293000)]

siginfo: si_signo: 11 (SIGSEGV), si_code: 0 (unknown), si_addr: 0x0000000000000000

Registers:
RAX=0x0000000000000001, RBX=0x0000000124292a8b, RCX=0x00000001037d6c80, RDX=0x0000000124292a8b
RSP=0x00000001242929d0, RBP=0x00000001242929e0, RSI=0x00007fc5ba80a000, RDI=0x7265746e692f7365
R8 =0x0000000000000000, R9 =0x00007fc5b9e00000, R10=0x0000000000000010, R11=0x00007fc5b9e00000
R12=0x00007fc5ba80a000, R13=0x7265746e692f7365, R14=0x7265746e692f7365, R15=0x00007fc5b9d0d850
RIP=0x00000001034232b0, EFLAGS=0x0000000000010206, ERR=0x0000000000000000
  TRAPNO=0x000000000000000d

Top of Stack: (sp=0x00000001242929d0)
0x00000001242929d0:   0000000124292a8b 0000000124292a8b
0x00000001242929e0:   0000000124292a40 000000010333526e
0x00000001242929f0:   00007fc5ba80a000 0000000000000000
0x0000000124292a00:   0000000000000000 0000000000000000
0x0000000124292a10:   00007fc5ba80a000 00007fc5ba80a000
0x0000000124292a20:   0000000124292a8b 0000000124292a90
0x0000000124292a30:   7265746e692f7365 0000000000000013
0x0000000124292a40:   0000000124292a60 0000000101f677dc
0x0000000124292a50:   0000000000000001 0000000124292b08
0x0000000124292a60:   0000000124292ad0 0000000101f4c263
0x0000000124292a70:   0000000124292aa0 00007fc5b9e66fc0
0x0000000124292a80:   0000001a00000032 0000000100292b08
0x0000000124292a90:   0000000000000000 0000000000000000
0x0000000124292aa0:   0000000000000000 0000000124292c90
0x0000000124292ab0:   0000000101f6eeca 00007fc5b9e65b80
0x0000000124292ac0:   0000000124292b08 0000000101f7a588
0x0000000124292ad0:   0000000124292ae0 0000000101f4c35c
0x0000000124292ae0:   0000000124292d00 0000000101f558f6
0x0000000124292af0:   00018c7a00000013 00000000000f0200
0x0000000124292b00:   00007fc5b9e17240 00007fc5bb80471c
0x0000000124292b10:   00007fc500000044 00007fc5b9e67510
0x0000000124292b20:   00007fc50000012c 0000000124292b58
0x0000000124292b30:   00007fc5b9e14e30 00007f0000000000
0x0000000124292b40:   00018c7a0000001c 00007fff00008080
0x0000000124292b50:   0000000124292b58 c57f00001a000000
0x0000000124292b60:   06000000f839e3b9 00003e74696e693c
0x0000000124292b70:   0000005629280300 7f00000100000000
0x0000000124292b80:   0000002852c4b9c5 7362615f7465670a
0x0000000124292b90:   286d000000746e65 7469672f6d6f634c
0x0000000124292ba0:   6d6e65622f627568 6661632f73656e61
0x0000000124292bb0:   61632f656e696566 64616f4c2f656863
0x0000000124292bc0:   6568636143676e69 69672f6d6f634c3b 

Instructions: (pc=0x00000001034232b0)
0x0000000103423290:   40 48 48 85 c0 75 e0 30 c0 0f b6 c0 5d c3 31 c0
0x00000001034232a0:   5d c3 55 48 89 e5 53 48 83 ec 08 48 85 ff 74 24
0x00000001034232b0:   48 8b 1f 48 85 db 74 1c 48 83 fb 37 74 16 48 8b
0x00000001034232c0:   03 48 89 df ff 50 10 84 c0 b8 00 00 00 00 48 0f 

Register to memory mapping:

RAX=0x0000000000000001 is an unknown value
RBX=0x0000000124292a8b is pointing into the stack for thread: 0x00007fc5ba80a000
RCX=0x00000001037d6c80: UseMembar+0 in /Library/Java/JavaVirtualMachines/jdk1.8.0_25.jdk/Contents/Home/jre/lib/server/libjvm.dylib at 0x0000000103000000
RDX=0x0000000124292a8b is pointing into the stack for thread: 0x00007fc5ba80a000
RSP=0x00000001242929d0 is pointing into the stack for thread: 0x00007fc5ba80a000
RBP=0x00000001242929e0 is pointing into the stack for thread: 0x00007fc5ba80a000
RSI=0x00007fc5ba80a000 is a thread
RDI=0x7265746e692f7365 is an unknown value
R8 =0x0000000000000000 is an unknown value
R9 =0x00007fc5b9e00000 is an unknown value
R10=0x0000000000000010 is an unknown value
R11=0x00007fc5b9e00000 is an unknown value
R12=0x00007fc5ba80a000 is a thread
R13=0x7265746e692f7365 is an unknown value
R14=0x7265746e692f7365 is an unknown value
R15=0x00007fc5b9d0d850 is an unknown value


Stack: [0x0000000124193000,0x0000000124293000],  sp=0x00000001242929d0,  free space=1022k
Native frames: (J=compiled Java code, j=interpreted, Vv=VM code, C=native code)
V  [libjvm.dylib+0x4232b0]
V  [libjvm.dylib+0x33526e]
C  [libjdwp.dylib+0x207dc]  isMethodSynthetic+0x63
C  [libjdwp.dylib+0x5263]  methods1+0x10b
C  [libjdwp.dylib+0x535c]  methodsWithGeneric+0xe
C  [libjdwp.dylib+0xe8f6]  debugLoop_run+0x1ce
C  [libjdwp.dylib+0x1f716]  attachThread+0x4d
V  [libjvm.dylib+0x3762ce]
V  [libjvm.dylib+0x535ed9]
V  [libjvm.dylib+0x53761c]
V  [libjvm.dylib+0x45d87e]
C  [libsystem_pthread.dylib+0x32fc]  _pthread_body+0x83
C  [libsystem_pthread.dylib+0x3279]  _pthread_body+0x0
C  [libsystem_pthread.dylib+0x14b1]  thread_start+0xd
C  0x0000000000000000


---------------  P R O C E S S  ---------------

Java Threads: ( => current thread )
  0x00007fc5bb95d800 JavaThread "ReaderThread" [_thread_in_native, id=31239, stack(0x0000000124d9a000,0x0000000124e9a000)]
  0x00007fc5ba037800 JavaThread "Service Thread" daemon [_thread_blocked, id=28931, stack(0x00000001248a8000,0x00000001249a8000)]
  0x00007fc5ba01d000 JavaThread "C1 CompilerThread3" daemon [_thread_blocked, id=28419, stack(0x00000001247a5000,0x00000001248a5000)]
  0x00007fc5bb125800 JavaThread "C2 CompilerThread2" daemon [_thread_blocked, id=27907, stack(0x00000001246a2000,0x00000001247a2000)]
  0x00007fc5ba01a800 JavaThread "C2 CompilerThread1" daemon [_thread_blocked, id=27395, stack(0x000000012459f000,0x000000012469f000)]
  0x00007fc5ba01b800 JavaThread "C2 CompilerThread0" daemon [_thread_blocked, id=26883, stack(0x000000012449c000,0x000000012459c000)]
  0x00007fc5ba80e000 JavaThread "JDWP Command Reader" daemon [_thread_in_native, id=26371, stack(0x0000000124399000,0x0000000124499000)]
  0x00007fc5ba80d000 JavaThread "JDWP Event Helper Thread" daemon [_thread_blocked, id=25859, stack(0x0000000124296000,0x0000000124396000)]
=>0x00007fc5ba80a000 JavaThread "JDWP Transport Listener: dt_socket" daemon [_thread_in_vm, id=25347, stack(0x0000000124193000,0x0000000124293000)]
  0x00007fc5ba019000 JavaThread "Signal Dispatcher" daemon [_thread_blocked, id=24835, stack(0x0000000124089000,0x0000000124189000)]
  0x00007fc5bb10c000 JavaThread "Surrogate Locker Thread (Concurrent GC)" daemon [_thread_blocked, id=21003, stack(0x0000000123f86000,0x0000000124086000)]
  0x00007fc5bb82e000 JavaThread "Finalizer" daemon [_thread_blocked, id=19715, stack(0x0000000122651000,0x0000000122751000)]
  0x00007fc5bb82d800 JavaThread "Reference Handler" daemon [_thread_blocked, id=19203, stack(0x000000012254e000,0x000000012264e000)]
  0x00007fc5ba009000 JavaThread "main" [_thread_blocked, id=4867, stack(0x0000000103f1d000,0x000000010401d000)]

Other Threads:
  0x00007fc5bb829000 VMThread [stack: 0x000000012244b000,0x000000012254b000] [id=18691]
  0x00007fc5bb132800 WatcherThread [stack: 0x00000001249ab000,0x0000000124aab000] [id=29443]

VM state:not at safepoint (normal execution)

VM Mutex/Monitor currently owned by a thread: None

Heap:
 garbage-first heap   total 262144K, used 17408K [0x00000006c0000000, 0x00000006d0000000, 0x00000007c0000000)
  region size 1024K, 18 young (18432K), 0 survivors (0K)
 Metaspace       used 8559K, capacity 8774K, committed 9088K, reserved 1056768K
  class space    used 967K, capacity 1031K, committed 1152K, reserved 1048576K

Heap Regions: (Y=young(eden), SU=young(survivor), HS=humongous(starts), HC=humongous(continues), CS=collection set, F=free, TS=gc time stamp, PTAMS=previous top-at-mark-start, NTAMS=next top-at-mark-start)
          F TS     0 PTAMS 0x00000006c0000000 NTAMS 0x00000006c0000000 space 1024K,   0% used [0x00000006c0000000, 0x00000006c0000000, 0x00000006c0100000)
          F TS     0 PTAMS 0x00000006c0100000 NTAMS 0x00000006c0100000 space 1024K,   0% used [0x00000006c0100000, 0x00000006c0100000, 0x00000006c0200000)
          F TS     0 PTAMS 0x00000006c0200000 NTAMS 0x00000006c0200000 space 1024K,   0% used [0x00000006c0200000, 0x00000006c0200000, 0x00000006c0300000)
          F TS     0 PTAMS 0x00000006c0300000 NTAMS 0x00000006c0300000 space 1024K,   0% used [0x00000006c0300000, 0x00000006c0300000, 0x00000006c0400000)
          F TS     0 PTAMS 0x00000006c0400000 NTAMS 0x00000006c0400000 space 1024K,   0% used [0x00000006c0400000, 0x00000006c0400000, 0x00000006c0500000)
          F TS     0 PTAMS 0x00000006c0500000 NTAMS 0x00000006c0500000 space 1024K,   0% used [0x00000006c0500000, 0x00000006c0500000, 0x00000006c0600000)
          F TS     0 PTAMS 0x00000006c0600000 NTAMS 0x00000006c0600000 space 1024K,   0% used [0x00000006c0600000, 0x00000006c0600000, 0x00000006c0700000)
          F TS     0 PTAMS 0x00000006c0700000 NTAMS 0x00000006c0700000 space 1024K,   0% used [0x00000006c0700000, 0x00000006c0700000, 0x00000006c0800000)
          F TS     0 PTAMS 0x00000006c0800000 NTAMS 0x00000006c0800000 space 1024K,   0% used [0x00000006c0800000, 0x00000006c0800000, 0x00000006c0900000)
          F TS     0 PTAMS 0x00000006c0900000 NTAMS 0x00000006c0900000 space 1024K,   0% used [0x00000006c0900000, 0x00000006c0900000, 0x00000006c0a00000)
          F TS     0 PTAMS 0x00000006c0a00000 NTAMS 0x00000006c0a00000 space 1024K,   0% used [0x00000006c0a00000, 0x00000006c0a00000, 0x00000006c0b00000)
          F TS     0 PTAMS 0x00000006c0b00000 NTAMS 0x00000006c0b00000 space 1024K,   0% used [0x00000006c0b00000, 0x00000006c0b00000, 0x00000006c0c00000)
          F TS     0 PTAMS 0x00000006c0c00000 NTAMS 0x00000006c0c00000 space 1024K,   0% used [0x00000006c0c00000, 0x00000006c0c00000, 0x00000006c0d00000)
          F TS     0 PTAMS 0x00000006c0d00000 NTAMS 0x00000006c0d00000 space 1024K,   0% used [0x00000006c0d00000, 0x00000006c0d00000, 0x00000006c0e00000)
          F TS     0 PTAMS 0x00000006c0e00000 NTAMS 0x00000006c0e00000 space 1024K,   0% used [0x00000006c0e00000, 0x00000006c0e00000, 0x00000006c0f00000)
          F TS     0 PTAMS 0x00000006c0f00000 NTAMS 0x00000006c0f00000 space 1024K,   0% used [0x00000006c0f00000, 0x00000006c0f00000, 0x00000006c1000000)
          F TS     0 PTAMS 0x00000006c1000000 NTAMS 0x00000006c1000000 space 1024K,   0% used [0x00000006c1000000, 0x00000006c1000000, 0x00000006c1100000)
          F TS     0 PTAMS 0x00000006c1100000 NTAMS 0x00000006c1100000 space 1024K,   0% used [0x00000006c1100000, 0x00000006c1100000, 0x00000006c1200000)
          F TS     0 PTAMS 0x00000006c1200000 NTAMS 0x00000006c1200000 space 1024K,   0% used [0x00000006c1200000, 0x00000006c1200000, 0x00000006c1300000)
          F TS     0 PTAMS 0x00000006c1300000 NTAMS 0x00000006c1300000 space 1024K,   0% used [0x00000006c1300000, 0x00000006c1300000, 0x00000006c1400000)
          F TS     0 PTAMS 0x00000006c1400000 NTAMS 0x00000006c1400000 space 1024K,   0% used [0x00000006c1400000, 0x00000006c1400000, 0x00000006c1500000)
          F TS     0 PTAMS 0x00000006c1500000 NTAMS 0x00000006c1500000 space 1024K,   0% used [0x00000006c1500000, 0x00000006c1500000, 0x00000006c1600000)
          F TS     0 PTAMS 0x00000006c1600000 NTAMS 0x00000006c1600000 space 1024K,   0% used [0x00000006c1600000, 0x00000006c1600000, 0x00000006c1700000)
          F TS     0 PTAMS 0x00000006c1700000 NTAMS 0x00000006c1700000 space 1024K,   0% used [0x00000006c1700000, 0x00000006c1700000, 0x00000006c1800000)
          F TS     0 PTAMS 0x00000006c1800000 NTAMS 0x00000006c1800000 space 1024K,   0% used [0x00000006c1800000, 0x00000006c1800000, 0x00000006c1900000)
          F TS     0 PTAMS 0x00000006c1900000 NTAMS 0x00000006c1900000 space 1024K,   0% used [0x00000006c1900000, 0x00000006c1900000, 0x00000006c1a00000)
          F TS     0 PTAMS 0x00000006c1a00000 NTAMS 0x00000006c1a00000 space 1024K,   0% used [0x00000006c1a00000, 0x00000006c1a00000, 0x00000006c1b00000)
          F TS     0 PTAMS 0x00000006c1b00000 NTAMS 0x00000006c1b00000 space 1024K,   0% used [0x00000006c1b00000, 0x00000006c1b00000, 0x00000006c1c00000)
          F TS     0 PTAMS 0x00000006c1c00000 NTAMS 0x00000006c1c00000 space 1024K,   0% used [0x00000006c1c00000, 0x00000006c1c00000, 0x00000006c1d00000)
          F TS     0 PTAMS 0x00000006c1d00000 NTAMS 0x00000006c1d00000 space 1024K,   0% used [0x00000006c1d00000, 0x00000006c1d00000, 0x00000006c1e00000)
          F TS     0 PTAMS 0x00000006c1e00000 NTAMS 0x00000006c1e00000 space 1024K,   0% used [0x00000006c1e00000, 0x00000006c1e00000, 0x00000006c1f00000)
          F TS     0 PTAMS 0x00000006c1f00000 NTAMS 0x00000006c1f00000 space 1024K,   0% used [0x00000006c1f00000, 0x00000006c1f00000, 0x00000006c2000000)
          F TS     0 PTAMS 0x00000006c2000000 NTAMS 0x00000006c2000000 space 1024K,   0% used [0x00000006c2000000, 0x00000006c2000000, 0x00000006c2100000)
          F TS     0 PTAMS 0x00000006c2100000 NTAMS 0x00000006c2100000 space 1024K,   0% used [0x00000006c2100000, 0x00000006c2100000, 0x00000006c2200000)
          F TS     0 PTAMS 0x00000006c2200000 NTAMS 0x00000006c2200000 space 1024K,   0% used [0x00000006c2200000, 0x00000006c2200000, 0x00000006c2300000)
          F TS     0 PTAMS 0x00000006c2300000 NTAMS 0x00000006c2300000 space 1024K,   0% used [0x00000006c2300000, 0x00000006c2300000, 0x00000006c2400000)
          F TS     0 PTAMS 0x00000006c2400000 NTAMS 0x00000006c2400000 space 1024K,   0% used [0x00000006c2400000, 0x00000006c2400000, 0x00000006c2500000)
          F TS     0 PTAMS 0x00000006c2500000 NTAMS 0x00000006c2500000 space 1024K,   0% used [0x00000006c2500000, 0x00000006c2500000, 0x00000006c2600000)
          F TS     0 PTAMS 0x00000006c2600000 NTAMS 0x00000006c2600000 space 1024K,   0% used [0x00000006c2600000, 0x00000006c2600000, 0x00000006c2700000)
          F TS     0 PTAMS 0x00000006c2700000 NTAMS 0x00000006c2700000 space 1024K,   0% used [0x00000006c2700000, 0x00000006c2700000, 0x00000006c2800000)
          F TS     0 PTAMS 0x00000006c2800000 NTAMS 0x00000006c2800000 space 1024K,   0% used [0x00000006c2800000, 0x00000006c2800000, 0x00000006c2900000)
          F TS     0 PTAMS 0x00000006c2900000 NTAMS 0x00000006c2900000 space 1024K,   0% used [0x00000006c2900000, 0x00000006c2900000, 0x00000006c2a00000)
          F TS     0 PTAMS 0x00000006c2a00000 NTAMS 0x00000006c2a00000 space 1024K,   0% used [0x00000006c2a00000, 0x00000006c2a00000, 0x00000006c2b00000)
          F TS     0 PTAMS 0x00000006c2b00000 NTAMS 0x00000006c2b00000 space 1024K,   0% used [0x00000006c2b00000, 0x00000006c2b00000, 0x00000006c2c00000)
          F TS     0 PTAMS 0x00000006c2c00000 NTAMS 0x00000006c2c00000 space 1024K,   0% used [0x00000006c2c00000, 0x00000006c2c00000, 0x00000006c2d00000)
          F TS     0 PTAMS 0x00000006c2d00000 NTAMS 0x00000006c2d00000 space 1024K,   0% used [0x00000006c2d00000, 0x00000006c2d00000, 0x00000006c2e00000)
          F TS     0 PTAMS 0x00000006c2e00000 NTAMS 0x00000006c2e00000 space 1024K,   0% used [0x00000006c2e00000, 0x00000006c2e00000, 0x00000006c2f00000)
          F TS     0 PTAMS 0x00000006c2f00000 NTAMS 0x00000006c2f00000 space 1024K,   0% used [0x00000006c2f00000, 0x00000006c2f00000, 0x00000006c3000000)
          F TS     0 PTAMS 0x00000006c3000000 NTAMS 0x00000006c3000000 space 1024K,   0% used [0x00000006c3000000, 0x00000006c3000000, 0x00000006c3100000)
          F TS     0 PTAMS 0x00000006c3100000 NTAMS 0x00000006c3100000 space 1024K,   0% used [0x00000006c3100000, 0x00000006c3100000, 0x00000006c3200000)
          F TS     0 PTAMS 0x00000006c3200000 NTAMS 0x00000006c3200000 space 1024K,   0% used [0x00000006c3200000, 0x00000006c3200000, 0x00000006c3300000)
          F TS     0 PTAMS 0x00000006c3300000 NTAMS 0x00000006c3300000 space 1024K,   0% used [0x00000006c3300000, 0x00000006c3300000, 0x00000006c3400000)
          F TS     0 PTAMS 0x00000006c3400000 NTAMS 0x00000006c3400000 space 1024K,   0% used [0x00000006c3400000, 0x00000006c3400000, 0x00000006c3500000)
          F TS     0 PTAMS 0x00000006c3500000 NTAMS 0x00000006c3500000 space 1024K,   0% used [0x00000006c3500000, 0x00000006c3500000, 0x00000006c3600000)
          F TS     0 PTAMS 0x00000006c3600000 NTAMS 0x00000006c3600000 space 1024K,   0% used [0x00000006c3600000, 0x00000006c3600000, 0x00000006c3700000)
          F TS     0 PTAMS 0x00000006c3700000 NTAMS 0x00000006c3700000 space 1024K,   0% used [0x00000006c3700000, 0x00000006c3700000, 0x00000006c3800000)
          F TS     0 PTAMS 0x00000006c3800000 NTAMS 0x00000006c3800000 space 1024K,   0% used [0x00000006c3800000, 0x00000006c3800000, 0x00000006c3900000)
          F TS     0 PTAMS 0x00000006c3900000 NTAMS 0x00000006c3900000 space 1024K,   0% used [0x00000006c3900000, 0x00000006c3900000, 0x00000006c3a00000)
          F TS     0 PTAMS 0x00000006c3a00000 NTAMS 0x00000006c3a00000 space 1024K,   0% used [0x00000006c3a00000, 0x00000006c3a00000, 0x00000006c3b00000)
          F TS     0 PTAMS 0x00000006c3b00000 NTAMS 0x00000006c3b00000 space 1024K,   0% used [0x00000006c3b00000, 0x00000006c3b00000, 0x00000006c3c00000)
          F TS     0 PTAMS 0x00000006c3c00000 NTAMS 0x00000006c3c00000 space 1024K,   0% used [0x00000006c3c00000, 0x00000006c3c00000, 0x00000006c3d00000)
          F TS     0 PTAMS 0x00000006c3d00000 NTAMS 0x00000006c3d00000 space 1024K,   0% used [0x00000006c3d00000, 0x00000006c3d00000, 0x00000006c3e00000)
          F TS     0 PTAMS 0x00000006c3e00000 NTAMS 0x00000006c3e00000 space 1024K,   0% used [0x00000006c3e00000, 0x00000006c3e00000, 0x00000006c3f00000)
          F TS     0 PTAMS 0x00000006c3f00000 NTAMS 0x00000006c3f00000 space 1024K,   0% used [0x00000006c3f00000, 0x00000006c3f00000, 0x00000006c4000000)
          F TS     0 PTAMS 0x00000006c4000000 NTAMS 0x00000006c4000000 space 1024K,   0% used [0x00000006c4000000, 0x00000006c4000000, 0x00000006c4100000)
          F TS     0 PTAMS 0x00000006c4100000 NTAMS 0x00000006c4100000 space 1024K,   0% used [0x00000006c4100000, 0x00000006c4100000, 0x00000006c4200000)
          F TS     0 PTAMS 0x00000006c4200000 NTAMS 0x00000006c4200000 space 1024K,   0% used [0x00000006c4200000, 0x00000006c4200000, 0x00000006c4300000)
          F TS     0 PTAMS 0x00000006c4300000 NTAMS 0x00000006c4300000 space 1024K,   0% used [0x00000006c4300000, 0x00000006c4300000, 0x00000006c4400000)
          F TS     0 PTAMS 0x00000006c4400000 NTAMS 0x00000006c4400000 space 1024K,   0% used [0x00000006c4400000, 0x00000006c4400000, 0x00000006c4500000)
          F TS     0 PTAMS 0x00000006c4500000 NTAMS 0x00000006c4500000 space 1024K,   0% used [0x00000006c4500000, 0x00000006c4500000, 0x00000006c4600000)
          F TS     0 PTAMS 0x00000006c4600000 NTAMS 0x00000006c4600000 space 1024K,   0% used [0x00000006c4600000, 0x00000006c4600000, 0x00000006c4700000)
          F TS     0 PTAMS 0x00000006c4700000 NTAMS 0x00000006c4700000 space 1024K,   0% used [0x00000006c4700000, 0x00000006c4700000, 0x00000006c4800000)
          F TS     0 PTAMS 0x00000006c4800000 NTAMS 0x00000006c4800000 space 1024K,   0% used [0x00000006c4800000, 0x00000006c4800000, 0x00000006c4900000)
          F TS     0 PTAMS 0x00000006c4900000 NTAMS 0x00000006c4900000 space 1024K,   0% used [0x00000006c4900000, 0x00000006c4900000, 0x00000006c4a00000)
          F TS     0 PTAMS 0x00000006c4a00000 NTAMS 0x00000006c4a00000 space 1024K,   0% used [0x00000006c4a00000, 0x00000006c4a00000, 0x00000006c4b00000)
          F TS     0 PTAMS 0x00000006c4b00000 NTAMS 0x00000006c4b00000 space 1024K,   0% used [0x00000006c4b00000, 0x00000006c4b00000, 0x00000006c4c00000)
          F TS     0 PTAMS 0x00000006c4c00000 NTAMS 0x00000006c4c00000 space 1024K,   0% used [0x00000006c4c00000, 0x00000006c4c00000, 0x00000006c4d00000)
          F TS     0 PTAMS 0x00000006c4d00000 NTAMS 0x00000006c4d00000 space 1024K,   0% used [0x00000006c4d00000, 0x00000006c4d00000, 0x00000006c4e00000)
          F TS     0 PTAMS 0x00000006c4e00000 NTAMS 0x00000006c4e00000 space 1024K,   0% used [0x00000006c4e00000, 0x00000006c4e00000, 0x00000006c4f00000)
          F TS     0 PTAMS 0x00000006c4f00000 NTAMS 0x00000006c4f00000 space 1024K,   0% used [0x00000006c4f00000, 0x00000006c4f00000, 0x00000006c5000000)
          F TS     0 PTAMS 0x00000006c5000000 NTAMS 0x00000006c5000000 space 1024K,   0% used [0x00000006c5000000, 0x00000006c5000000, 0x00000006c5100000)
          F TS     0 PTAMS 0x00000006c5100000 NTAMS 0x00000006c5100000 space 1024K,   0% used [0x00000006c5100000, 0x00000006c5100000, 0x00000006c5200000)
          F TS     0 PTAMS 0x00000006c5200000 NTAMS 0x00000006c5200000 space 1024K,   0% used [0x00000006c5200000, 0x00000006c5200000, 0x00000006c5300000)
          F TS     0 PTAMS 0x00000006c5300000 NTAMS 0x00000006c5300000 space 1024K,   0% used [0x00000006c5300000, 0x00000006c5300000, 0x00000006c5400000)
          F TS     0 PTAMS 0x00000006c5400000 NTAMS 0x00000006c5400000 space 1024K,   0% used [0x00000006c5400000, 0x00000006c5400000, 0x00000006c5500000)
          F TS     0 PTAMS 0x00000006c5500000 NTAMS 0x00000006c5500000 space 1024K,   0% used [0x00000006c5500000, 0x00000006c5500000, 0x00000006c5600000)
          F TS     0 PTAMS 0x00000006c5600000 NTAMS 0x00000006c5600000 space 1024K,   0% used [0x00000006c5600000, 0x00000006c5600000, 0x00000006c5700000)
          F TS     0 PTAMS 0x00000006c5700000 NTAMS 0x00000006c5700000 space 1024K,   0% used [0x00000006c5700000, 0x00000006c5700000, 0x00000006c5800000)
          F TS     0 PTAMS 0x00000006c5800000 NTAMS 0x00000006c5800000 space 1024K,   0% used [0x00000006c5800000, 0x00000006c5800000, 0x00000006c5900000)
          F TS     0 PTAMS 0x00000006c5900000 NTAMS 0x00000006c5900000 space 1024K,   0% used [0x00000006c5900000, 0x00000006c5900000, 0x00000006c5a00000)
          F TS     0 PTAMS 0x00000006c5a00000 NTAMS 0x00000006c5a00000 space 1024K,   0% used [0x00000006c5a00000, 0x00000006c5a00000, 0x00000006c5b00000)
          F TS     0 PTAMS 0x00000006c5b00000 NTAMS 0x00000006c5b00000 space 1024K,   0% used [0x00000006c5b00000, 0x00000006c5b00000, 0x00000006c5c00000)
          F TS     0 PTAMS 0x00000006c5c00000 NTAMS 0x00000006c5c00000 space 1024K,   0% used [0x00000006c5c00000, 0x00000006c5c00000, 0x00000006c5d00000)
          F TS     0 PTAMS 0x00000006c5d00000 NTAMS 0x00000006c5d00000 space 1024K,   0% used [0x00000006c5d00000, 0x00000006c5d00000, 0x00000006c5e00000)
          F TS     0 PTAMS 0x00000006c5e00000 NTAMS 0x00000006c5e00000 space 1024K,   0% used [0x00000006c5e00000, 0x00000006c5e00000, 0x00000006c5f00000)
          F TS     0 PTAMS 0x00000006c5f00000 NTAMS 0x00000006c5f00000 space 1024K,   0% used [0x00000006c5f00000, 0x00000006c5f00000, 0x00000006c6000000)
          F TS     0 PTAMS 0x00000006c6000000 NTAMS 0x00000006c6000000 space 1024K,   0% used [0x00000006c6000000, 0x00000006c6000000, 0x00000006c6100000)
          F TS     0 PTAMS 0x00000006c6100000 NTAMS 0x00000006c6100000 space 1024K,   0% used [0x00000006c6100000, 0x00000006c6100000, 0x00000006c6200000)
          F TS     0 PTAMS 0x00000006c6200000 NTAMS 0x00000006c6200000 space 1024K,   0% used [0x00000006c6200000, 0x00000006c6200000, 0x00000006c6300000)
          F TS     0 PTAMS 0x00000006c6300000 NTAMS 0x00000006c6300000 space 1024K,   0% used [0x00000006c6300000, 0x00000006c6300000, 0x00000006c6400000)
          F TS     0 PTAMS 0x00000006c6400000 NTAMS 0x00000006c6400000 space 1024K,   0% used [0x00000006c6400000, 0x00000006c6400000, 0x00000006c6500000)
          F TS     0 PTAMS 0x00000006c6500000 NTAMS 0x00000006c6500000 space 1024K,   0% used [0x00000006c6500000, 0x00000006c6500000, 0x00000006c6600000)
          F TS     0 PTAMS 0x00000006c6600000 NTAMS 0x00000006c6600000 space 1024K,   0% used [0x00000006c6600000, 0x00000006c6600000, 0x00000006c6700000)
          F TS     0 PTAMS 0x00000006c6700000 NTAMS 0x00000006c6700000 space 1024K,   0% used [0x00000006c6700000, 0x00000006c6700000, 0x00000006c6800000)
          F TS     0 PTAMS 0x00000006c6800000 NTAMS 0x00000006c6800000 space 1024K,   0% used [0x00000006c6800000, 0x00000006c6800000, 0x00000006c6900000)
          F TS     0 PTAMS 0x00000006c6900000 NTAMS 0x00000006c6900000 space 1024K,   0% used [0x00000006c6900000, 0x00000006c6900000, 0x00000006c6a00000)
          F TS     0 PTAMS 0x00000006c6a00000 NTAMS 0x00000006c6a00000 space 1024K,   0% used [0x00000006c6a00000, 0x00000006c6a00000, 0x00000006c6b00000)
          F TS     0 PTAMS 0x00000006c6b00000 NTAMS 0x00000006c6b00000 space 1024K,   0% used [0x00000006c6b00000, 0x00000006c6b00000, 0x00000006c6c00000)
          F TS     0 PTAMS 0x00000006c6c00000 NTAMS 0x00000006c6c00000 space 1024K,   0% used [0x00000006c6c00000, 0x00000006c6c00000, 0x00000006c6d00000)
          F TS     0 PTAMS 0x00000006c6d00000 NTAMS 0x00000006c6d00000 space 1024K,   0% used [0x00000006c6d00000, 0x00000006c6d00000, 0x00000006c6e00000)
          F TS     0 PTAMS 0x00000006c6e00000 NTAMS 0x00000006c6e00000 space 1024K,   0% used [0x00000006c6e00000, 0x00000006c6e00000, 0x00000006c6f00000)
          F TS     0 PTAMS 0x00000006c6f00000 NTAMS 0x00000006c6f00000 space 1024K,   0% used [0x00000006c6f00000, 0x00000006c6f00000, 0x00000006c7000000)
          F TS     0 PTAMS 0x00000006c7000000 NTAMS 0x00000006c7000000 space 1024K,   0% used [0x00000006c7000000, 0x00000006c7000000, 0x00000006c7100000)
          F TS     0 PTAMS 0x00000006c7100000 NTAMS 0x00000006c7100000 space 1024K,   0% used [0x00000006c7100000, 0x00000006c7100000, 0x00000006c7200000)
          F TS     0 PTAMS 0x00000006c7200000 NTAMS 0x00000006c7200000 space 1024K,   0% used [0x00000006c7200000, 0x00000006c7200000, 0x00000006c7300000)
          F TS     0 PTAMS 0x00000006c7300000 NTAMS 0x00000006c7300000 space 1024K,   0% used [0x00000006c7300000, 0x00000006c7300000, 0x00000006c7400000)
          F TS     0 PTAMS 0x00000006c7400000 NTAMS 0x00000006c7400000 space 1024K,   0% used [0x00000006c7400000, 0x00000006c7400000, 0x00000006c7500000)
          F TS     0 PTAMS 0x00000006c7500000 NTAMS 0x00000006c7500000 space 1024K,   0% used [0x00000006c7500000, 0x00000006c7500000, 0x00000006c7600000)
          F TS     0 PTAMS 0x00000006c7600000 NTAMS 0x00000006c7600000 space 1024K,   0% used [0x00000006c7600000, 0x00000006c7600000, 0x00000006c7700000)
          F TS     0 PTAMS 0x00000006c7700000 NTAMS 0x00000006c7700000 space 1024K,   0% used [0x00000006c7700000, 0x00000006c7700000, 0x00000006c7800000)
          F TS     0 PTAMS 0x00000006c7800000 NTAMS 0x00000006c7800000 space 1024K,   0% used [0x00000006c7800000, 0x00000006c7800000, 0x00000006c7900000)
          F TS     0 PTAMS 0x00000006c7900000 NTAMS 0x00000006c7900000 space 1024K,   0% used [0x00000006c7900000, 0x00000006c7900000, 0x00000006c7a00000)
          F TS     0 PTAMS 0x00000006c7a00000 NTAMS 0x00000006c7a00000 space 1024K,   0% used [0x00000006c7a00000, 0x00000006c7a00000, 0x00000006c7b00000)
          F TS     0 PTAMS 0x00000006c7b00000 NTAMS 0x00000006c7b00000 space 1024K,   0% used [0x00000006c7b00000, 0x00000006c7b00000, 0x00000006c7c00000)
          F TS     0 PTAMS 0x00000006c7c00000 NTAMS 0x00000006c7c00000 space 1024K,   0% used [0x00000006c7c00000, 0x00000006c7c00000, 0x00000006c7d00000)
          F TS     0 PTAMS 0x00000006c7d00000 NTAMS 0x00000006c7d00000 space 1024K,   0% used [0x00000006c7d00000, 0x00000006c7d00000, 0x00000006c7e00000)
          F TS     0 PTAMS 0x00000006c7e00000 NTAMS 0x00000006c7e00000 space 1024K,   0% used [0x00000006c7e00000, 0x00000006c7e00000, 0x00000006c7f00000)
          F TS     0 PTAMS 0x00000006c7f00000 NTAMS 0x00000006c7f00000 space 1024K,   0% used [0x00000006c7f00000, 0x00000006c7f00000, 0x00000006c8000000)
          F TS     0 PTAMS 0x00000006c8000000 NTAMS 0x00000006c8000000 space 1024K,   0% used [0x00000006c8000000, 0x00000006c8000000, 0x00000006c8100000)
          F TS     0 PTAMS 0x00000006c8100000 NTAMS 0x00000006c8100000 space 1024K,   0% used [0x00000006c8100000, 0x00000006c8100000, 0x00000006c8200000)
          F TS     0 PTAMS 0x00000006c8200000 NTAMS 0x00000006c8200000 space 1024K,   0% used [0x00000006c8200000, 0x00000006c8200000, 0x00000006c8300000)
          F TS     0 PTAMS 0x00000006c8300000 NTAMS 0x00000006c8300000 space 1024K,   0% used [0x00000006c8300000, 0x00000006c8300000, 0x00000006c8400000)
          F TS     0 PTAMS 0x00000006c8400000 NTAMS 0x00000006c8400000 space 1024K,   0% used [0x00000006c8400000, 0x00000006c8400000, 0x00000006c8500000)
          F TS     0 PTAMS 0x00000006c8500000 NTAMS 0x00000006c8500000 space 1024K,   0% used [0x00000006c8500000, 0x00000006c8500000, 0x00000006c8600000)
          F TS     0 PTAMS 0x00000006c8600000 NTAMS 0x00000006c8600000 space 1024K,   0% used [0x00000006c8600000, 0x00000006c8600000, 0x00000006c8700000)
          F TS     0 PTAMS 0x00000006c8700000 NTAMS 0x00000006c8700000 space 1024K,   0% used [0x00000006c8700000, 0x00000006c8700000, 0x00000006c8800000)
          F TS     0 PTAMS 0x00000006c8800000 NTAMS 0x00000006c8800000 space 1024K,   0% used [0x00000006c8800000, 0x00000006c8800000, 0x00000006c8900000)
          F TS     0 PTAMS 0x00000006c8900000 NTAMS 0x00000006c8900000 space 1024K,   0% used [0x00000006c8900000, 0x00000006c8900000, 0x00000006c8a00000)
          F TS     0 PTAMS 0x00000006c8a00000 NTAMS 0x00000006c8a00000 space 1024K,   0% used [0x00000006c8a00000, 0x00000006c8a00000, 0x00000006c8b00000)
          F TS     0 PTAMS 0x00000006c8b00000 NTAMS 0x00000006c8b00000 space 1024K,   0% used [0x00000006c8b00000, 0x00000006c8b00000, 0x00000006c8c00000)
          F TS     0 PTAMS 0x00000006c8c00000 NTAMS 0x00000006c8c00000 space 1024K,   0% used [0x00000006c8c00000, 0x00000006c8c00000, 0x00000006c8d00000)
          F TS     0 PTAMS 0x00000006c8d00000 NTAMS 0x00000006c8d00000 space 1024K,   0% used [0x00000006c8d00000, 0x00000006c8d00000, 0x00000006c8e00000)
          F TS     0 PTAMS 0x00000006c8e00000 NTAMS 0x00000006c8e00000 space 1024K,   0% used [0x00000006c8e00000, 0x00000006c8e00000, 0x00000006c8f00000)
          F TS     0 PTAMS 0x00000006c8f00000 NTAMS 0x00000006c8f00000 space 1024K,   0% used [0x00000006c8f00000, 0x00000006c8f00000, 0x00000006c9000000)
          F TS     0 PTAMS 0x00000006c9000000 NTAMS 0x00000006c9000000 space 1024K,   0% used [0x00000006c9000000, 0x00000006c9000000, 0x00000006c9100000)
          F TS     0 PTAMS 0x00000006c9100000 NTAMS 0x00000006c9100000 space 1024K,   0% used [0x00000006c9100000, 0x00000006c9100000, 0x00000006c9200000)
          F TS     0 PTAMS 0x00000006c9200000 NTAMS 0x00000006c9200000 space 1024K,   0% used [0x00000006c9200000, 0x00000006c9200000, 0x00000006c9300000)
          F TS     0 PTAMS 0x00000006c9300000 NTAMS 0x00000006c9300000 space 1024K,   0% used [0x00000006c9300000, 0x00000006c9300000, 0x00000006c9400000)
          F TS     0 PTAMS 0x00000006c9400000 NTAMS 0x00000006c9400000 space 1024K,   0% used [0x00000006c9400000, 0x00000006c9400000, 0x00000006c9500000)
          F TS     0 PTAMS 0x00000006c9500000 NTAMS 0x00000006c9500000 space 1024K,   0% used [0x00000006c9500000, 0x00000006c9500000, 0x00000006c9600000)
          F TS     0 PTAMS 0x00000006c9600000 NTAMS 0x00000006c9600000 space 1024K,   0% used [0x00000006c9600000, 0x00000006c9600000, 0x00000006c9700000)
          F TS     0 PTAMS 0x00000006c9700000 NTAMS 0x00000006c9700000 space 1024K,   0% used [0x00000006c9700000, 0x00000006c9700000, 0x00000006c9800000)
          F TS     0 PTAMS 0x00000006c9800000 NTAMS 0x00000006c9800000 space 1024K,   0% used [0x00000006c9800000, 0x00000006c9800000, 0x00000006c9900000)
          F TS     0 PTAMS 0x00000006c9900000 NTAMS 0x00000006c9900000 space 1024K,   0% used [0x00000006c9900000, 0x00000006c9900000, 0x00000006c9a00000)
          F TS     0 PTAMS 0x00000006c9a00000 NTAMS 0x00000006c9a00000 space 1024K,   0% used [0x00000006c9a00000, 0x00000006c9a00000, 0x00000006c9b00000)
          F TS     0 PTAMS 0x00000006c9b00000 NTAMS 0x00000006c9b00000 space 1024K,   0% used [0x00000006c9b00000, 0x00000006c9b00000, 0x00000006c9c00000)
          F TS     0 PTAMS 0x00000006c9c00000 NTAMS 0x00000006c9c00000 space 1024K,   0% used [0x00000006c9c00000, 0x00000006c9c00000, 0x00000006c9d00000)
          F TS     0 PTAMS 0x00000006c9d00000 NTAMS 0x00000006c9d00000 space 1024K,   0% used [0x00000006c9d00000, 0x00000006c9d00000, 0x00000006c9e00000)
          F TS     0 PTAMS 0x00000006c9e00000 NTAMS 0x00000006c9e00000 space 1024K,   0% used [0x00000006c9e00000, 0x00000006c9e00000, 0x00000006c9f00000)
          F TS     0 PTAMS 0x00000006c9f00000 NTAMS 0x00000006c9f00000 space 1024K,   0% used [0x00000006c9f00000, 0x00000006c9f00000, 0x00000006ca000000)
          F TS     0 PTAMS 0x00000006ca000000 NTAMS 0x00000006ca000000 space 1024K,   0% used [0x00000006ca000000, 0x00000006ca000000, 0x00000006ca100000)
          F TS     0 PTAMS 0x00000006ca100000 NTAMS 0x00000006ca100000 space 1024K,   0% used [0x00000006ca100000, 0x00000006ca100000, 0x00000006ca200000)
          F TS     0 PTAMS 0x00000006ca200000 NTAMS 0x00000006ca200000 space 1024K,   0% used [0x00000006ca200000, 0x00000006ca200000, 0x00000006ca300000)
          F TS     0 PTAMS 0x00000006ca300000 NTAMS 0x00000006ca300000 space 1024K,   0% used [0x00000006ca300000, 0x00000006ca300000, 0x00000006ca400000)
          F TS     0 PTAMS 0x00000006ca400000 NTAMS 0x00000006ca400000 space 1024K,   0% used [0x00000006ca400000, 0x00000006ca400000, 0x00000006ca500000)
          F TS     0 PTAMS 0x00000006ca500000 NTAMS 0x00000006ca500000 space 1024K,   0% used [0x00000006ca500000, 0x00000006ca500000, 0x00000006ca600000)
          F TS     0 PTAMS 0x00000006ca600000 NTAMS 0x00000006ca600000 space 1024K,   0% used [0x00000006ca600000, 0x00000006ca600000, 0x00000006ca700000)
          F TS     0 PTAMS 0x00000006ca700000 NTAMS 0x00000006ca700000 space 1024K,   0% used [0x00000006ca700000, 0x00000006ca700000, 0x00000006ca800000)
          F TS     0 PTAMS 0x00000006ca800000 NTAMS 0x00000006ca800000 space 1024K,   0% used [0x00000006ca800000, 0x00000006ca800000, 0x00000006ca900000)
          F TS     0 PTAMS 0x00000006ca900000 NTAMS 0x00000006ca900000 space 1024K,   0% used [0x00000006ca900000, 0x00000006ca900000, 0x00000006caa00000)
          F TS     0 PTAMS 0x00000006caa00000 NTAMS 0x00000006caa00000 space 1024K,   0% used [0x00000006caa00000, 0x00000006caa00000, 0x00000006cab00000)
          F TS     0 PTAMS 0x00000006cab00000 NTAMS 0x00000006cab00000 space 1024K,   0% used [0x00000006cab00000, 0x00000006cab00000, 0x00000006cac00000)
          F TS     0 PTAMS 0x00000006cac00000 NTAMS 0x00000006cac00000 space 1024K,   0% used [0x00000006cac00000, 0x00000006cac00000, 0x00000006cad00000)
          F TS     0 PTAMS 0x00000006cad00000 NTAMS 0x00000006cad00000 space 1024K,   0% used [0x00000006cad00000, 0x00000006cad00000, 0x00000006cae00000)
          F TS     0 PTAMS 0x00000006cae00000 NTAMS 0x00000006cae00000 space 1024K,   0% used [0x00000006cae00000, 0x00000006cae00000, 0x00000006caf00000)
          F TS     0 PTAMS 0x00000006caf00000 NTAMS 0x00000006caf00000 space 1024K,   0% used [0x00000006caf00000, 0x00000006caf00000, 0x00000006cb000000)
          F TS     0 PTAMS 0x00000006cb000000 NTAMS 0x00000006cb000000 space 1024K,   0% used [0x00000006cb000000, 0x00000006cb000000, 0x00000006cb100000)
          F TS     0 PTAMS 0x00000006cb100000 NTAMS 0x00000006cb100000 space 1024K,   0% used [0x00000006cb100000, 0x00000006cb100000, 0x00000006cb200000)
          F TS     0 PTAMS 0x00000006cb200000 NTAMS 0x00000006cb200000 space 1024K,   0% used [0x00000006cb200000, 0x00000006cb200000, 0x00000006cb300000)
          F TS     0 PTAMS 0x00000006cb300000 NTAMS 0x00000006cb300000 space 1024K,   0% used [0x00000006cb300000, 0x00000006cb300000, 0x00000006cb400000)
          F TS     0 PTAMS 0x00000006cb400000 NTAMS 0x00000006cb400000 space 1024K,   0% used [0x00000006cb400000, 0x00000006cb400000, 0x00000006cb500000)
          F TS     0 PTAMS 0x00000006cb500000 NTAMS 0x00000006cb500000 space 1024K,   0% used [0x00000006cb500000, 0x00000006cb500000, 0x00000006cb600000)
          F TS     0 PTAMS 0x00000006cb600000 NTAMS 0x00000006cb600000 space 1024K,   0% used [0x00000006cb600000, 0x00000006cb600000, 0x00000006cb700000)
          F TS     0 PTAMS 0x00000006cb700000 NTAMS 0x00000006cb700000 space 1024K,   0% used [0x00000006cb700000, 0x00000006cb700000, 0x00000006cb800000)
          F TS     0 PTAMS 0x00000006cb800000 NTAMS 0x00000006cb800000 space 1024K,   0% used [0x00000006cb800000, 0x00000006cb800000, 0x00000006cb900000)
          F TS     0 PTAMS 0x00000006cb900000 NTAMS 0x00000006cb900000 space 1024K,   0% used [0x00000006cb900000, 0x00000006cb900000, 0x00000006cba00000)
          F TS     0 PTAMS 0x00000006cba00000 NTAMS 0x00000006cba00000 space 1024K,   0% used [0x00000006cba00000, 0x00000006cba00000, 0x00000006cbb00000)
          F TS     0 PTAMS 0x00000006cbb00000 NTAMS 0x00000006cbb00000 space 1024K,   0% used [0x00000006cbb00000, 0x00000006cbb00000, 0x00000006cbc00000)
          F TS     0 PTAMS 0x00000006cbc00000 NTAMS 0x00000006cbc00000 space 1024K,   0% used [0x00000006cbc00000, 0x00000006cbc00000, 0x00000006cbd00000)
          F TS     0 PTAMS 0x00000006cbd00000 NTAMS 0x00000006cbd00000 space 1024K,   0% used [0x00000006cbd00000, 0x00000006cbd00000, 0x00000006cbe00000)
          F TS     0 PTAMS 0x00000006cbe00000 NTAMS 0x00000006cbe00000 space 1024K,   0% used [0x00000006cbe00000, 0x00000006cbe00000, 0x00000006cbf00000)
          F TS     0 PTAMS 0x00000006cbf00000 NTAMS 0x00000006cbf00000 space 1024K,   0% used [0x00000006cbf00000, 0x00000006cbf00000, 0x00000006cc000000)
          F TS     0 PTAMS 0x00000006cc000000 NTAMS 0x00000006cc000000 space 1024K,   0% used [0x00000006cc000000, 0x00000006cc000000, 0x00000006cc100000)
          F TS     0 PTAMS 0x00000006cc100000 NTAMS 0x00000006cc100000 space 1024K,   0% used [0x00000006cc100000, 0x00000006cc100000, 0x00000006cc200000)
          F TS     0 PTAMS 0x00000006cc200000 NTAMS 0x00000006cc200000 space 1024K,   0% used [0x00000006cc200000, 0x00000006cc200000, 0x00000006cc300000)
          F TS     0 PTAMS 0x00000006cc300000 NTAMS 0x00000006cc300000 space 1024K,   0% used [0x00000006cc300000, 0x00000006cc300000, 0x00000006cc400000)
          F TS     0 PTAMS 0x00000006cc400000 NTAMS 0x00000006cc400000 space 1024K,   0% used [0x00000006cc400000, 0x00000006cc400000, 0x00000006cc500000)
          F TS     0 PTAMS 0x00000006cc500000 NTAMS 0x00000006cc500000 space 1024K,   0% used [0x00000006cc500000, 0x00000006cc500000, 0x00000006cc600000)
          F TS     0 PTAMS 0x00000006cc600000 NTAMS 0x00000006cc600000 space 1024K,   0% used [0x00000006cc600000, 0x00000006cc600000, 0x00000006cc700000)
          F TS     0 PTAMS 0x00000006cc700000 NTAMS 0x00000006cc700000 space 1024K,   0% used [0x00000006cc700000, 0x00000006cc700000, 0x00000006cc800000)
          F TS     0 PTAMS 0x00000006cc800000 NTAMS 0x00000006cc800000 space 1024K,   0% used [0x00000006cc800000, 0x00000006cc800000, 0x00000006cc900000)
          F TS     0 PTAMS 0x00000006cc900000 NTAMS 0x00000006cc900000 space 1024K,   0% used [0x00000006cc900000, 0x00000006cc900000, 0x00000006cca00000)
          F TS     0 PTAMS 0x00000006cca00000 NTAMS 0x00000006cca00000 space 1024K,   0% used [0x00000006cca00000, 0x00000006cca00000, 0x00000006ccb00000)
          F TS     0 PTAMS 0x00000006ccb00000 NTAMS 0x00000006ccb00000 space 1024K,   0% used [0x00000006ccb00000, 0x00000006ccb00000, 0x00000006ccc00000)
          F TS     0 PTAMS 0x00000006ccc00000 NTAMS 0x00000006ccc00000 space 1024K,   0% used [0x00000006ccc00000, 0x00000006ccc00000, 0x00000006ccd00000)
          F TS     0 PTAMS 0x00000006ccd00000 NTAMS 0x00000006ccd00000 space 1024K,   0% used [0x00000006ccd00000, 0x00000006ccd00000, 0x00000006cce00000)
          F TS     0 PTAMS 0x00000006cce00000 NTAMS 0x00000006cce00000 space 1024K,   0% used [0x00000006cce00000, 0x00000006cce00000, 0x00000006ccf00000)
          F TS     0 PTAMS 0x00000006ccf00000 NTAMS 0x00000006ccf00000 space 1024K,   0% used [0x00000006ccf00000, 0x00000006ccf00000, 0x00000006cd000000)
          F TS     0 PTAMS 0x00000006cd000000 NTAMS 0x00000006cd000000 space 1024K,   0% used [0x00000006cd000000, 0x00000006cd000000, 0x00000006cd100000)
          F TS     0 PTAMS 0x00000006cd100000 NTAMS 0x00000006cd100000 space 1024K,   0% used [0x00000006cd100000, 0x00000006cd100000, 0x00000006cd200000)
          F TS     0 PTAMS 0x00000006cd200000 NTAMS 0x00000006cd200000 space 1024K,   0% used [0x00000006cd200000, 0x00000006cd200000, 0x00000006cd300000)
          F TS     0 PTAMS 0x00000006cd300000 NTAMS 0x00000006cd300000 space 1024K,   0% used [0x00000006cd300000, 0x00000006cd300000, 0x00000006cd400000)
          F TS     0 PTAMS 0x00000006cd400000 NTAMS 0x00000006cd400000 space 1024K,   0% used [0x00000006cd400000, 0x00000006cd400000, 0x00000006cd500000)
          F TS     0 PTAMS 0x00000006cd500000 NTAMS 0x00000006cd500000 space 1024K,   0% used [0x00000006cd500000, 0x00000006cd500000, 0x00000006cd600000)
          F TS     0 PTAMS 0x00000006cd600000 NTAMS 0x00000006cd600000 space 1024K,   0% used [0x00000006cd600000, 0x00000006cd600000, 0x00000006cd700000)
          F TS     0 PTAMS 0x00000006cd700000 NTAMS 0x00000006cd700000 space 1024K,   0% used [0x00000006cd700000, 0x00000006cd700000, 0x00000006cd800000)
          F TS     0 PTAMS 0x00000006cd800000 NTAMS 0x00000006cd800000 space 1024K,   0% used [0x00000006cd800000, 0x00000006cd800000, 0x00000006cd900000)
          F TS     0 PTAMS 0x00000006cd900000 NTAMS 0x00000006cd900000 space 1024K,   0% used [0x00000006cd900000, 0x00000006cd900000, 0x00000006cda00000)
          F TS     0 PTAMS 0x00000006cda00000 NTAMS 0x00000006cda00000 space 1024K,   0% used [0x00000006cda00000, 0x00000006cda00000, 0x00000006cdb00000)
          F TS     0 PTAMS 0x00000006cdb00000 NTAMS 0x00000006cdb00000 space 1024K,   0% used [0x00000006cdb00000, 0x00000006cdb00000, 0x00000006cdc00000)
          F TS     0 PTAMS 0x00000006cdc00000 NTAMS 0x00000006cdc00000 space 1024K,   0% used [0x00000006cdc00000, 0x00000006cdc00000, 0x00000006cdd00000)
          F TS     0 PTAMS 0x00000006cdd00000 NTAMS 0x00000006cdd00000 space 1024K,   0% used [0x00000006cdd00000, 0x00000006cdd00000, 0x00000006cde00000)
          F TS     0 PTAMS 0x00000006cde00000 NTAMS 0x00000006cde00000 space 1024K,   0% used [0x00000006cde00000, 0x00000006cde00000, 0x00000006cdf00000)
          F TS     0 PTAMS 0x00000006cdf00000 NTAMS 0x00000006cdf00000 space 1024K,   0% used [0x00000006cdf00000, 0x00000006cdf00000, 0x00000006ce000000)
          F TS     0 PTAMS 0x00000006ce000000 NTAMS 0x00000006ce000000 space 1024K,   0% used [0x00000006ce000000, 0x00000006ce000000, 0x00000006ce100000)
          F TS     0 PTAMS 0x00000006ce100000 NTAMS 0x00000006ce100000 space 1024K,   0% used [0x00000006ce100000, 0x00000006ce100000, 0x00000006ce200000)
          F TS     0 PTAMS 0x00000006ce200000 NTAMS 0x00000006ce200000 space 1024K,   0% used [0x00000006ce200000, 0x00000006ce200000, 0x00000006ce300000)
          F TS     0 PTAMS 0x00000006ce300000 NTAMS 0x00000006ce300000 space 1024K,   0% used [0x00000006ce300000, 0x00000006ce300000, 0x00000006ce400000)
          F TS     0 PTAMS 0x00000006ce400000 NTAMS 0x00000006ce400000 space 1024K,   0% used [0x00000006ce400000, 0x00000006ce400000, 0x00000006ce500000)
          F TS     0 PTAMS 0x00000006ce500000 NTAMS 0x00000006ce500000 space 1024K,   0% used [0x00000006ce500000, 0x00000006ce500000, 0x00000006ce600000)
          F TS     0 PTAMS 0x00000006ce600000 NTAMS 0x00000006ce600000 space 1024K,   0% used [0x00000006ce600000, 0x00000006ce600000, 0x00000006ce700000)
          F TS     0 PTAMS 0x00000006ce700000 NTAMS 0x00000006ce700000 space 1024K,   0% used [0x00000006ce700000, 0x00000006ce700000, 0x00000006ce800000)
          F TS     0 PTAMS 0x00000006ce800000 NTAMS 0x00000006ce800000 space 1024K,   0% used [0x00000006ce800000, 0x00000006ce800000, 0x00000006ce900000)
          F TS     0 PTAMS 0x00000006ce900000 NTAMS 0x00000006ce900000 space 1024K,   0% used [0x00000006ce900000, 0x00000006ce900000, 0x00000006cea00000)
          F TS     0 PTAMS 0x00000006cea00000 NTAMS 0x00000006cea00000 space 1024K,   0% used [0x00000006cea00000, 0x00000006cea00000, 0x00000006ceb00000)
          F TS     0 PTAMS 0x00000006ceb00000 NTAMS 0x00000006ceb00000 space 1024K,   0% used [0x00000006ceb00000, 0x00000006ceb00000, 0x00000006cec00000)
          F TS     0 PTAMS 0x00000006cec00000 NTAMS 0x00000006cec00000 space 1024K,   0% used [0x00000006cec00000, 0x00000006cec00000, 0x00000006ced00000)
          F TS     0 PTAMS 0x00000006ced00000 NTAMS 0x00000006ced00000 space 1024K,   0% used [0x00000006ced00000, 0x00000006ced00000, 0x00000006cee00000)
       Y    TS     0 PTAMS 0x00000006cee00000 NTAMS 0x00000006cee00000 space 1024K,  96% used [0x00000006cee00000, 0x00000006ceef64b0, 0x00000006cef00000)
    CS Y    TS     0 PTAMS 0x00000006cef00000 NTAMS 0x00000006cef00000 space 1024K, 100% used [0x00000006cef00000, 0x00000006cf000000, 0x00000006cf000000)
    CS Y    TS     0 PTAMS 0x00000006cf000000 NTAMS 0x00000006cf000000 space 1024K, 100% used [0x00000006cf000000, 0x00000006cf100000, 0x00000006cf100000)
    CS Y    TS     0 PTAMS 0x00000006cf100000 NTAMS 0x00000006cf100000 space 1024K, 100% used [0x00000006cf100000, 0x00000006cf200000, 0x00000006cf200000)
    CS Y    TS     0 PTAMS 0x00000006cf200000 NTAMS 0x00000006cf200000 space 1024K, 100% used [0x00000006cf200000, 0x00000006cf300000, 0x00000006cf300000)
    CS Y    TS     0 PTAMS 0x00000006cf300000 NTAMS 0x00000006cf300000 space 1024K, 100% used [0x00000006cf300000, 0x00000006cf400000, 0x00000006cf400000)
    CS Y    TS     0 PTAMS 0x00000006cf400000 NTAMS 0x00000006cf400000 space 1024K, 100% used [0x00000006cf400000, 0x00000006cf500000, 0x00000006cf500000)
    CS Y    TS     0 PTAMS 0x00000006cf500000 NTAMS 0x00000006cf500000 space 1024K, 100% used [0x00000006cf500000, 0x00000006cf600000, 0x00000006cf600000)
    CS Y    TS     0 PTAMS 0x00000006cf600000 NTAMS 0x00000006cf600000 space 1024K, 100% used [0x00000006cf600000, 0x00000006cf700000, 0x00000006cf700000)
    CS Y    TS     0 PTAMS 0x00000006cf700000 NTAMS 0x00000006cf700000 space 1024K, 100% used [0x00000006cf700000, 0x00000006cf800000, 0x00000006cf800000)
    CS Y    TS     0 PTAMS 0x00000006cf800000 NTAMS 0x00000006cf800000 space 1024K, 100% used [0x00000006cf800000, 0x00000006cf900000, 0x00000006cf900000)
    CS Y    TS     0 PTAMS 0x00000006cf900000 NTAMS 0x00000006cf900000 space 1024K, 100% used [0x00000006cf900000, 0x00000006cfa00000, 0x00000006cfa00000)
    CS Y    TS     0 PTAMS 0x00000006cfa00000 NTAMS 0x00000006cfa00000 space 1024K, 100% used [0x00000006cfa00000, 0x00000006cfb00000, 0x00000006cfb00000)
    CS Y    TS     0 PTAMS 0x00000006cfb00000 NTAMS 0x00000006cfb00000 space 1024K, 100% used [0x00000006cfb00000, 0x00000006cfc00000, 0x00000006cfc00000)
    CS Y    TS     0 PTAMS 0x00000006cfc00000 NTAMS 0x00000006cfc00000 space 1024K, 100% used [0x00000006cfc00000, 0x00000006cfd00000, 0x00000006cfd00000)
    CS Y    TS     0 PTAMS 0x00000006cfd00000 NTAMS 0x00000006cfd00000 space 1024K, 100% used [0x00000006cfd00000, 0x00000006cfe00000, 0x00000006cfe00000)
    CS Y    TS     0 PTAMS 0x00000006cfe00000 NTAMS 0x00000006cfe00000 space 1024K, 100% used [0x00000006cfe00000, 0x00000006cff00000, 0x00000006cff00000)
    CS Y    TS     0 PTAMS 0x00000006cff00000 NTAMS 0x00000006cff00000 space 1024K, 100% used [0x00000006cff00000, 0x00000006d0000000, 0x00000006d0000000)

Card table byte_map: [0x0000000114d12000,0x0000000115513000] byte_map_base: 0x0000000111712000

Marking Bits (Prev, Next): (CMBitMap*) 0x00007fc5bb016a88, (CMBitMap*) 0x00007fc5bb016b40
 Prev Bits: [0x0000000116614000, 0x000000011a614000)
 Next Bits: [0x000000011a615000, 0x000000011e615000)

Polling page: 0x0000000101f46000

CodeCache: size=245760Kb used=2958Kb max_used=2958Kb free=242801Kb
 bounds [0x000000010401f000, 0x000000010430f000, 0x000000011301f000]
 total_blobs=1087 nmethods=780 adapters=230
 compilation: enabled

Compilation events (10 events):
Event: 0.529 Thread 0x00007fc5ba01d000  776       3       java.util.concurrent.ConcurrentHashMap::get (162 bytes)
Event: 0.530 Thread 0x00007fc5ba01d000 nmethod 776 0x0000000104301990 code [0x0000000104301ba0, 0x0000000104302798]
Event: 0.530 Thread 0x00007fc5ba01d000  778       3       java.util.Collections$UnmodifiableCollection$1::next (10 bytes)
Event: 0.530 Thread 0x00007fc5ba01d000 nmethod 778 0x00000001042f5a90 code [0x00000001042f5c00, 0x00000001042f5e28]
Event: 0.530 Thread 0x00007fc5ba01d000  777       1       java.lang.invoke.MethodHandle::type (5 bytes)
Event: 0.530 Thread 0x00007fc5ba01d000 nmethod 777 0x00000001043016d0 code [0x0000000104301820, 0x0000000104301930]
Event: 0.531 Thread 0x00007fc5ba01d000  779       3       java.lang.invoke.MethodType$ConcurrentWeakInternSet::get (54 bytes)
Event: 0.531 Thread 0x00007fc5ba01d000 nmethod 779 0x0000000104300150 code [0x0000000104300380, 0x0000000104301098]
Event: 0.531 Thread 0x00007fc5ba01d000  780       3       sun.invoke.util.Wrapper::forBasicType (90 bytes)
Event: 0.532 Thread 0x00007fc5ba01d000 nmethod 780 0x0000000104302c50 code [0x0000000104302ec0, 0x0000000104303df8]

GC Heap History (0 events):
No events

Deoptimization events (4 events):
Event: 0.485 Thread 0x00007fc5ba009000 Uncommon trap: reason=unreached action=reinterpret pc=0x00000001042a62cc method=java.util.concurrent.ConcurrentHashMap.get(Ljava/lang/Object;)Ljava/lang/Object; @ 15
Event: 0.489 Thread 0x00007fc5ba009000 Uncommon trap: reason=class_check action=maybe_recompile pc=0x00000001042dc974 method=org.testng.internal.collections.Pair.hashCode()I @ 24
Event: 0.490 Thread 0x00007fc5ba009000 Uncommon trap: reason=class_check action=maybe_recompile pc=0x00000001042dc974 method=org.testng.internal.collections.Pair.hashCode()I @ 24
Event: 0.490 Thread 0x00007fc5ba009000 Uncommon trap: reason=unreached action=reinterpret pc=0x00000001041d1d48 method=java.util.HashMap.hash(Ljava/lang/Object;)I @ 1

Internal exceptions (10 events):
Event: 0.521 Thread 0x00007fc5ba009000 Exception <a 'java/security/PrivilegedActionException'> (0x00000006cee5c438) thrown at [/HUDSON3/workspace/8-2-build-macosx-x86_64/jdk8u25/1514/hotspot/src/share/vm/prims/jvm.cpp, line 1312]
Event: 0.522 Thread 0x00007fc5ba009000 Exception <a 'java/security/PrivilegedActionException'> (0x00000006cee60b70) thrown at [/HUDSON3/workspace/8-2-build-macosx-x86_64/jdk8u25/1514/hotspot/src/share/vm/prims/jvm.cpp, line 1312]
Event: 0.523 Thread 0x00007fc5ba009000 Exception <a 'java/security/PrivilegedActionException'> (0x00000006cee63cd0) thrown at [/HUDSON3/workspace/8-2-build-macosx-x86_64/jdk8u25/1514/hotspot/src/share/vm/prims/jvm.cpp, line 1312]
Event: 0.524 Thread 0x00007fc5ba009000 Exception <a 'java/security/PrivilegedActionException'> (0x00000006cee699f0) thrown at [/HUDSON3/workspace/8-2-build-macosx-x86_64/jdk8u25/1514/hotspot/src/share/vm/prims/jvm.cpp, line 1312]
Event: 0.525 Thread 0x00007fc5ba009000 Exception <a 'java/security/PrivilegedActionException'> (0x00000006cee74e18) thrown at [/HUDSON3/workspace/8-2-build-macosx-x86_64/jdk8u25/1514/hotspot/src/share/vm/prims/jvm.cpp, line 1312]
Event: 0.527 Thread 0x00007fc5ba009000 Exception <a 'java/security/PrivilegedActionException'> (0x00000006cee7ba58) thrown at [/HUDSON3/workspace/8-2-build-macosx-x86_64/jdk8u25/1514/hotspot/src/share/vm/prims/jvm.cpp, line 1312]
Event: 0.528 Thread 0x00007fc5ba009000 Exception <a 'java/security/PrivilegedActionException'> (0x00000006cee8a848) thrown at [/HUDSON3/workspace/8-2-build-macosx-x86_64/jdk8u25/1514/hotspot/src/share/vm/prims/jvm.cpp, line 1312]
Event: 0.528 Thread 0x00007fc5ba009000 Exception <a 'java/security/PrivilegedActionException'> (0x00000006cee90ff8) thrown at [/HUDSON3/workspace/8-2-build-macosx-x86_64/jdk8u25/1514/hotspot/src/share/vm/prims/jvm.cpp, line 1312]
Event: 0.529 Thread 0x00007fc5ba009000 Exception <a 'java/security/PrivilegedActionException'> (0x00000006cee98158) thrown at [/HUDSON3/workspace/8-2-build-macosx-x86_64/jdk8u25/1514/hotspot/src/share/vm/prims/jvm.cpp, line 1312]
Event: 0.529 Thread 0x00007fc5ba009000 Exception <a 'java/lang/NoSuchMethodError': java.lang.Object.lambda$0(Ljava/lang/Object;)Ljava/lang/Object;> (0x00000006cee9d090) thrown at [/HUDSON3/workspace/8-2-build-macosx-x86_64/jdk8u25/1514/hotspot/src/share/vm/interpreter/linkResolver.cpp, line 58

Events (10 events):
Event: 4.925 Executing VM operation: GetOrSetLocal
Event: 4.925 Executing VM operation: GetOrSetLocal done
Event: 4.926 Executing VM operation: GetOrSetLocal
Event: 4.926 Executing VM operation: GetOrSetLocal done
Event: 4.943 Executing VM operation: GetOrSetLocal
Event: 4.943 Executing VM operation: GetOrSetLocal done
Event: 5.825 Executing VM operation: GetOrSetLocal
Event: 5.825 Executing VM operation: GetOrSetLocal done
Event: 21.363 Executing VM operation: RedefineClasses
Event: 21.366 Executing VM operation: RedefineClasses done


Dynamic libraries:
0x0000000008ce8000 	/System/Library/Frameworks/Cocoa.framework/Versions/A/Cocoa
0x0000000008ce8000 	/System/Library/Frameworks/Security.framework/Versions/A/Security
0x0000000008ce8000 	/System/Library/Frameworks/ApplicationServices.framework/Versions/A/ApplicationServices
0x0000000008ce8000 	/usr/lib/libz.1.dylib
0x0000000008ce8000 	/usr/lib/libSystem.B.dylib
0x0000000008ce8000 	/usr/lib/libobjc.A.dylib
0x0000000008ce8000 	/System/Library/Frameworks/CoreFoundation.framework/Versions/A/CoreFoundation
0x0000000008ce8000 	/System/Library/Frameworks/Foundation.framework/Versions/C/Foundation
0x0000000008ce8000 	/System/Library/Frameworks/AppKit.framework/Versions/C/AppKit
0x0000000008ce8000 	/System/Library/Frameworks/CoreData.framework/Versions/A/CoreData
0x0000000008ce8000 	/System/Library/PrivateFrameworks/RemoteViewServices.framework/Versions/A/RemoteViewServices
0x0000000008ce8000 	/System/Library/PrivateFrameworks/UIFoundation.framework/Versions/A/UIFoundation
0x0000000008ce8000 	/System/Library/Frameworks/IOSurface.framework/Versions/A/IOSurface
0x0000000008ce8000 	/System/Library/Frameworks/AudioToolbox.framework/Versions/A/AudioToolbox
0x0000000008ce8000 	/System/Library/Frameworks/AudioUnit.framework/Versions/A/AudioUnit
0x0000000008ce8000 	/System/Library/PrivateFrameworks/DataDetectorsCore.framework/Versions/A/DataDetectorsCore
0x0000000008ce8000 	/System/Library/PrivateFrameworks/DesktopServicesPriv.framework/Versions/A/DesktopServicesPriv
0x0000000008ce8000 	/System/Library/Frameworks/Carbon.framework/Versions/A/Frameworks/HIToolbox.framework/Versions/A/HIToolbox
0x0000000008ce8000 	/System/Library/Frameworks/QuartzCore.framework/Versions/A/QuartzCore
0x0000000008ce8000 	/System/Library/Frameworks/Carbon.framework/Versions/A/Frameworks/SpeechRecognition.framework/Versions/A/SpeechRecognition
0x0000000008ce8000 	/usr/lib/libauto.dylib
0x0000000008ce8000 	/usr/lib/libicucore.A.dylib
0x0000000008ce8000 	/usr/lib/libxml2.2.dylib
0x0000000008ce8000 	/System/Library/PrivateFrameworks/CoreUI.framework/Versions/A/CoreUI
0x0000000008ce8000 	/System/Library/Frameworks/CoreAudio.framework/Versions/A/CoreAudio
0x0000000008ce8000 	/System/Library/Frameworks/DiskArbitration.framework/Versions/A/DiskArbitration
0x0000000008ce8000 	/usr/lib/liblangid.dylib
0x0000000008ce8000 	/System/Library/PrivateFrameworks/MultitouchSupport.framework/Versions/A/MultitouchSupport
0x0000000008ce8000 	/System/Library/Frameworks/IOKit.framework/Versions/A/IOKit
0x0000000008ce8000 	/usr/lib/libDiagnosticMessagesClient.dylib
0x0000000008ce8000 	/System/Library/Frameworks/CoreServices.framework/Versions/A/CoreServices
0x0000000008ce8000 	/System/Library/PrivateFrameworks/PerformanceAnalysis.framework/Versions/A/PerformanceAnalysis
0x0000000008ce8000 	/System/Library/PrivateFrameworks/GenerationalStorage.framework/Versions/A/GenerationalStorage
0x0000000008ce8000 	/System/Library/Frameworks/OpenGL.framework/Versions/A/OpenGL
0x0000000008ce8000 	/System/Library/PrivateFrameworks/Sharing.framework/Versions/A/Sharing
0x0000000008ce8000 	/System/Library/Frameworks/CoreGraphics.framework/Versions/A/CoreGraphics
0x0000000008ce8000 	/System/Library/Frameworks/CoreText.framework/Versions/A/CoreText
0x0000000008ce8000 	/System/Library/Frameworks/ImageIO.framework/Versions/A/ImageIO
0x0000000008ce8000 	/usr/lib/libextension.dylib
0x0000000008ce8000 	/System/Library/PrivateFrameworks/Backup.framework/Versions/A/Backup
0x0000000008ce8000 	/usr/lib/libarchive.2.dylib
0x0000000008ce8000 	/System/Library/Frameworks/CFNetwork.framework/Versions/A/CFNetwork
0x0000000008ce8000 	/System/Library/Frameworks/SystemConfiguration.framework/Versions/A/SystemConfiguration
0x0000000008ce8000 	/usr/lib/libCRFSuite.dylib
0x0000000008ce8000 	/usr/lib/libc++.1.dylib
0x0000000008ce8000 	/usr/lib/libc++abi.dylib
0x0000000008ce8000 	/usr/lib/system/libcache.dylib
0x0000000008ce8000 	/usr/lib/system/libcommonCrypto.dylib
0x0000000008ce8000 	/usr/lib/system/libcompiler_rt.dylib
0x0000000008ce8000 	/usr/lib/system/libcopyfile.dylib
0x0000000008ce8000 	/usr/lib/system/libcorecrypto.dylib
0x0000000008ce8000 	/usr/lib/system/libdispatch.dylib
0x0000000008ce8000 	/usr/lib/system/libdyld.dylib
0x0000000008ce8000 	/usr/lib/system/libkeymgr.dylib
0x0000000008ce8000 	/usr/lib/system/liblaunch.dylib
0x0000000008ce8000 	/usr/lib/system/libmacho.dylib
0x0000000008ce8000 	/usr/lib/system/libquarantine.dylib
0x0000000008ce8000 	/usr/lib/system/libremovefile.dylib
0x0000000008ce8000 	/usr/lib/system/libsystem_asl.dylib
0x0000000008ce8000 	/usr/lib/system/libsystem_blocks.dylib
0x0000000008ce8000 	/usr/lib/system/libsystem_c.dylib
0x0000000008ce8000 	/usr/lib/system/libsystem_configuration.dylib
0x0000000008ce8000 	/usr/lib/system/libsystem_coreservices.dylib
0x0000000008ce8000 	/usr/lib/system/libsystem_coretls.dylib
0x0000000008ce8000 	/usr/lib/system/libsystem_dnssd.dylib
0x0000000008ce8000 	/usr/lib/system/libsystem_info.dylib
0x0000000008ce8000 	/usr/lib/system/libsystem_kernel.dylib
0x0000000008ce8000 	/usr/lib/system/libsystem_m.dylib
0x0000000008ce8000 	/usr/lib/system/libsystem_malloc.dylib
0x0000000008ce8000 	/usr/lib/system/libsystem_network.dylib
0x0000000008ce8000 	/usr/lib/system/libsystem_networkextension.dylib
0x0000000008ce8000 	/usr/lib/system/libsystem_notify.dylib
0x0000000008ce8000 	/usr/lib/system/libsystem_platform.dylib
0x0000000008ce8000 	/usr/lib/system/libsystem_pthread.dylib
0x0000000008ce8000 	/usr/lib/system/libsystem_sandbox.dylib
0x0000000008ce8000 	/usr/lib/system/libsystem_secinit.dylib
0x0000000008ce8000 	/usr/lib/system/libsystem_stats.dylib
0x0000000008ce8000 	/usr/lib/system/libsystem_trace.dylib
0x0000000008ce8000 	/usr/lib/system/libunc.dylib
0x0000000008ce8000 	/usr/lib/system/libunwind.dylib
0x0000000008ce8000 	/usr/lib/system/libxpc.dylib
0x0000000008ce8000 	/usr/lib/libbz2.1.0.dylib
0x0000000008ce8000 	/usr/lib/liblzma.5.dylib
0x0000000008ce8000 	/usr/lib/libbsm.0.dylib
0x0000000008ce8000 	/usr/lib/libsqlite3.dylib
0x0000000008ce8000 	/usr/lib/system/libkxld.dylib
0x0000000008ce8000 	/usr/lib/libxar.1.dylib
0x0000000008ce8000 	/usr/lib/libpam.2.dylib
0x0000000008ce8000 	/usr/lib/libOpenScriptingUtil.dylib
0x0000000008ce8000 	/System/Library/Frameworks/CoreServices.framework/Versions/A/Frameworks/FSEvents.framework/Versions/A/FSEvents
0x0000000008ce8000 	/System/Library/Frameworks/CoreServices.framework/Versions/A/Frameworks/CarbonCore.framework/Versions/A/CarbonCore
0x0000000008ce8000 	/System/Library/Frameworks/CoreServices.framework/Versions/A/Frameworks/Metadata.framework/Versions/A/Metadata
0x0000000008ce8000 	/System/Library/Frameworks/CoreServices.framework/Versions/A/Frameworks/OSServices.framework/Versions/A/OSServices
0x0000000008ce8000 	/System/Library/Frameworks/CoreServices.framework/Versions/A/Frameworks/SearchKit.framework/Versions/A/SearchKit
0x0000000008ce8000 	/System/Library/Frameworks/CoreServices.framework/Versions/A/Frameworks/AE.framework/Versions/A/AE
0x0000000008ce8000 	/System/Library/Frameworks/CoreServices.framework/Versions/A/Frameworks/LaunchServices.framework/Versions/A/LaunchServices
0x0000000008ce8000 	/System/Library/Frameworks/CoreServices.framework/Versions/A/Frameworks/DictionaryServices.framework/Versions/A/DictionaryServices
0x0000000008ce8000 	/System/Library/Frameworks/NetFS.framework/Versions/A/NetFS
0x0000000008ce8000 	/System/Library/PrivateFrameworks/NetAuth.framework/Versions/A/NetAuth
0x0000000008ce8000 	/System/Library/PrivateFrameworks/login.framework/Versions/A/Frameworks/loginsupport.framework/Versions/A/loginsupport
0x0000000008ce8000 	/System/Library/PrivateFrameworks/TCC.framework/Versions/A/TCC
0x0000000008ce8000 	/usr/lib/libmecabra.dylib
0x0000000008ce8000 	/System/Library/PrivateFrameworks/LanguageModeling.framework/Versions/A/LanguageModeling
0x0000000008ce8000 	/usr/lib/libcmph.dylib
0x0000000008ce8000 	/usr/lib/libiconv.2.dylib
0x0000000008ce8000 	/System/Library/Frameworks/OpenDirectory.framework/Versions/A/Frameworks/CFOpenDirectory.framework/Versions/A/CFOpenDirectory
0x0000000008ce8000 	/System/Library/Frameworks/ServiceManagement.framework/Versions/A/ServiceManagement
0x0000000008ce8000 	/usr/lib/libxslt.1.dylib
0x0000000008ce8000 	/System/Library/Frameworks/Carbon.framework/Versions/A/Frameworks/Ink.framework/Versions/A/Ink
0x0000000008ce8000 	/System/Library/Frameworks/ApplicationServices.framework/Versions/A/Frameworks/ATS.framework/Versions/A/ATS
0x0000000008ce8000 	/System/Library/Frameworks/ApplicationServices.framework/Versions/A/Frameworks/ColorSync.framework/Versions/A/ColorSync
0x0000000008ce8000 	/System/Library/Frameworks/ApplicationServices.framework/Versions/A/Frameworks/HIServices.framework/Versions/A/HIServices
0x0000000008ce8000 	/System/Library/Frameworks/ApplicationServices.framework/Versions/A/Frameworks/LangAnalysis.framework/Versions/A/LangAnalysis
0x0000000008ce8000 	/System/Library/Frameworks/ApplicationServices.framework/Versions/A/Frameworks/PrintCore.framework/Versions/A/PrintCore
0x0000000008ce8000 	/System/Library/Frameworks/ApplicationServices.framework/Versions/A/Frameworks/QD.framework/Versions/A/QD
0x0000000008ce8000 	/System/Library/Frameworks/ApplicationServices.framework/Versions/A/Frameworks/SpeechSynthesis.framework/Versions/A/SpeechSynthesis
0x0000000008ce8000 	/System/Library/Frameworks/Accelerate.framework/Versions/A/Accelerate
0x0000000008ce8000 	/System/Library/Frameworks/Accelerate.framework/Versions/A/Frameworks/vImage.framework/Versions/A/vImage
0x0000000008ce8000 	/System/Library/Frameworks/Accelerate.framework/Versions/A/Frameworks/vecLib.framework/Versions/A/vecLib
0x0000000008ce8000 	/System/Library/Frameworks/Accelerate.framework/Versions/A/Frameworks/vecLib.framework/Versions/A/libvDSP.dylib
0x0000000008ce8000 	/System/Library/Frameworks/Accelerate.framework/Versions/A/Frameworks/vecLib.framework/Versions/A/libvMisc.dylib
0x0000000008ce8000 	/System/Library/Frameworks/Accelerate.framework/Versions/A/Frameworks/vecLib.framework/Versions/A/libLAPACK.dylib
0x0000000008ce8000 	/System/Library/Frameworks/Accelerate.framework/Versions/A/Frameworks/vecLib.framework/Versions/A/libBLAS.dylib
0x0000000008ce8000 	/System/Library/Frameworks/Accelerate.framework/Versions/A/Frameworks/vecLib.framework/Versions/A/libLinearAlgebra.dylib
0x0000000008ce8000 	/System/Library/Frameworks/ApplicationServices.framework/Versions/A/Frameworks/ATS.framework/Versions/A/Resources/libFontParser.dylib
0x0000000008ce8000 	/System/Library/Frameworks/ApplicationServices.framework/Versions/A/Frameworks/ATS.framework/Versions/A/Resources/libFontRegistry.dylib
0x0000000008ce8000 	/System/Library/PrivateFrameworks/AppleVPA.framework/Versions/A/AppleVPA
0x0000000008ce8000 	/System/Library/PrivateFrameworks/AppleJPEG.framework/Versions/A/AppleJPEG
0x0000000008ce8000 	/System/Library/Frameworks/ImageIO.framework/Versions/A/Resources/libJPEG.dylib
0x0000000008ce8000 	/System/Library/Frameworks/ImageIO.framework/Versions/A/Resources/libTIFF.dylib
0x0000000008ce8000 	/System/Library/Frameworks/ImageIO.framework/Versions/A/Resources/libPng.dylib
0x0000000008ce8000 	/System/Library/Frameworks/ImageIO.framework/Versions/A/Resources/libGIF.dylib
0x0000000008ce8000 	/System/Library/Frameworks/ImageIO.framework/Versions/A/Resources/libJP2.dylib
0x0000000008ce8000 	/System/Library/Frameworks/ImageIO.framework/Versions/A/Resources/libRadiance.dylib
0x0000000008ce8000 	/System/Library/Frameworks/CoreVideo.framework/Versions/A/CoreVideo
0x0000000008ce8000 	/System/Library/Frameworks/OpenGL.framework/Versions/A/Libraries/libGLU.dylib
0x0000000008ce8000 	/System/Library/Frameworks/OpenGL.framework/Versions/A/Libraries/libGFXShared.dylib
0x0000000008ce8000 	/System/Library/Frameworks/OpenGL.framework/Versions/A/Libraries/libGL.dylib
0x0000000008ce8000 	/System/Library/Frameworks/OpenGL.framework/Versions/A/Libraries/libGLImage.dylib
0x0000000008ce8000 	/System/Library/Frameworks/OpenGL.framework/Versions/A/Libraries/libCVMSPluginSupport.dylib
0x0000000008ce8000 	/System/Library/Frameworks/OpenGL.framework/Versions/A/Libraries/libCoreVMClient.dylib
0x0000000008ce8000 	/usr/lib/libcups.2.dylib
0x0000000008ce8000 	/System/Library/Frameworks/Kerberos.framework/Versions/A/Kerberos
0x0000000008ce8000 	/System/Library/Frameworks/GSS.framework/Versions/A/GSS
0x0000000008ce8000 	/usr/lib/libresolv.9.dylib
0x0000000008ce8000 	/System/Library/PrivateFrameworks/Heimdal.framework/Versions/A/Heimdal
0x0000000008ce8000 	/usr/lib/libheimdal-asn1.dylib
0x0000000008ce8000 	/System/Library/Frameworks/OpenDirectory.framework/Versions/A/OpenDirectory
0x0000000008ce8000 	/System/Library/PrivateFrameworks/CommonAuth.framework/Versions/A/CommonAuth
0x0000000008ce8000 	/System/Library/Frameworks/SecurityFoundation.framework/Versions/A/SecurityFoundation
0x0000000008ce8000 	/System/Library/Frameworks/QuartzCore.framework/Versions/A/Frameworks/CoreImage.framework/Versions/A/CoreImage
0x0000000008ce8000 	/System/Library/PrivateFrameworks/CrashReporterSupport.framework/Versions/A/CrashReporterSupport
0x0000000008ce8000 	/System/Library/Frameworks/OpenCL.framework/Versions/A/OpenCL
0x0000000008ce8000 	/System/Library/PrivateFrameworks/FaceCore.framework/Versions/A/FaceCore
0x0000000008ce8000 	/System/Library/PrivateFrameworks/Ubiquity.framework/Versions/A/Ubiquity
0x0000000008ce8000 	/System/Library/PrivateFrameworks/IconServices.framework/Versions/A/IconServices
0x0000000008ce8000 	/System/Library/PrivateFrameworks/ChunkingLibrary.framework/Versions/A/ChunkingLibrary
0x0000000008ce8000 	/System/Library/PrivateFrameworks/Apple80211.framework/Versions/A/Apple80211
0x0000000008ce8000 	/System/Library/Frameworks/CoreWLAN.framework/Versions/A/CoreWLAN
0x0000000008ce8000 	/System/Library/Frameworks/IOBluetooth.framework/Versions/A/IOBluetooth
0x0000000008ce8000 	/System/Library/PrivateFrameworks/CoreWiFi.framework/Versions/A/CoreWiFi
0x0000000008ce8000 	/System/Library/Frameworks/CoreBluetooth.framework/Versions/A/CoreBluetooth
0x0000000008ce8000 	/System/Library/PrivateFrameworks/DebugSymbols.framework/Versions/A/DebugSymbols
0x0000000008ce8000 	/System/Library/PrivateFrameworks/CoreSymbolication.framework/Versions/A/CoreSymbolication
0x0000000008ce8000 	/System/Library/PrivateFrameworks/Symbolication.framework/Versions/A/Symbolication
0x0000000008ce8000 	/System/Library/PrivateFrameworks/SpeechRecognitionCore.framework/Versions/A/SpeechRecognitionCore
0x0000000103000000 	/Library/Java/JavaVirtualMachines/jdk1.8.0_25.jdk/Contents/Home/jre/lib/server/libjvm.dylib
0x0000000008ce8000 	/usr/lib/libstdc++.6.dylib
0x0000000101f04000 	/Library/Java/JavaVirtualMachines/jdk1.8.0_25.jdk/Contents/Home/jre/lib/libverify.dylib
0x0000000101f12000 	/Library/Java/JavaVirtualMachines/jdk1.8.0_25.jdk/Contents/Home/jre/lib/libjava.dylib
0x0000000101f47000 	/Library/Java/JavaVirtualMachines/jdk1.8.0_25.jdk/Contents/Home/jre/lib/libjdwp.dylib
0x0000000101f92000 	/Library/Java/JavaVirtualMachines/jdk1.8.0_25.jdk/Contents/Home/jre/lib/libnpt.dylib
0x0000000101f9f000 	/Library/Java/JavaVirtualMachines/jdk1.8.0_25.jdk/Contents/Home/jre/lib/libzip.dylib
0x0000000122753000 	/System/Library/Frameworks/JavaVM.framework/Frameworks/JavaRuntimeSupport.framework/JavaRuntimeSupport
0x0000000101fea000 	/System/Library/Frameworks/JavaVM.framework/Versions/A/Frameworks/JavaNativeFoundation.framework/Versions/A/JavaNativeFoundation
0x000000012276b000 	/System/Library/Frameworks/JavaVM.framework/Versions/A/JavaVM
0x0000000008ce8000 	/System/Library/Frameworks/Carbon.framework/Versions/A/Carbon
0x0000000122778000 	/System/Library/PrivateFrameworks/JavaLaunching.framework/Versions/A/JavaLaunching
0x0000000008ce8000 	/System/Library/Frameworks/Carbon.framework/Versions/A/Frameworks/CommonPanels.framework/Versions/A/CommonPanels
0x0000000008ce8000 	/System/Library/Frameworks/Carbon.framework/Versions/A/Frameworks/Help.framework/Versions/A/Help
0x0000000008ce8000 	/System/Library/Frameworks/Carbon.framework/Versions/A/Frameworks/ImageCapture.framework/Versions/A/ImageCapture
0x0000000008ce8000 	/System/Library/Frameworks/Carbon.framework/Versions/A/Frameworks/OpenScripting.framework/Versions/A/OpenScripting
0x0000000008ce8000 	/System/Library/Frameworks/Carbon.framework/Versions/A/Frameworks/Print.framework/Versions/A/Print
0x0000000008ce8000 	/System/Library/Frameworks/Carbon.framework/Versions/A/Frameworks/SecurityHI.framework/Versions/A/SecurityHI
0x000000012418b000 	/Library/Java/JavaVirtualMachines/jdk1.8.0_25.jdk/Contents/Home/jre/lib/libdt_socket.dylib
0x0000000124d3a000 	/Library/Java/JavaVirtualMachines/jdk1.8.0_25.jdk/Contents/Home/jre/lib/libnet.dylib

VM Arguments:
jvm_args: -agentlib:jdwp=transport=dt_socket,suspend=y,address=localhost:61756 -XX:+UseG1GC -ea -Dfile.encoding=UTF-8 
java_command: org.testng.remote.RemoteTestNG -serport 61755 -d /Users/ben/projects/caffeine/caffeine/test-output /var/folders/_y/s1zxnf3n3h579560_qysdpv00000gn/T/testng-eclipse-1810534631/testng-customsuite.xml
java_class_path (initial): /Users/ben/eclipse/plugins/org.testng.eclipse_6.8.6.20141201_2240/lib/testng.jar:/Users/ben/projects/caffeine/caffeine/bin:/Users/ben/.gradle/caches/modules-2/files-2.1/cglib/cglib-nodep/3.1/aa83efbd1aedc4f26bdf00e7ea78191483f2c9b3/cglib-nodep-3.1.jar:/Users/ben/.gradle/caches/modules-2/files-2.1/com.beust/jcommander/1.27/58c9cbf0f1fa296f93c712f2cf46de50471920f9/jcommander-1.27.jar:/Users/ben/.gradle/caches/modules-2/files-2.1/com.boundary/high-scale-lib/1.0.6/7b44147cb2729e1724d2d46d7b932c56b65087f0/high-scale-lib-1.0.6.jar:/Users/ben/.gradle/caches/modules-2/files-2.1/com.google.code.findbugs/jsr305/3.0.0/5871fb60dc68d67da54a663c3fd636a10a532948/jsr305-3.0.0.jar:/Users/ben/.gradle/caches/modules-2/files-2.1/com.google.guava/guava-testlib/18.0/153904bb9a88e856f6db4638b202914a783ab7fb/guava-testlib-18.0.jar:/Users/ben/.gradle/caches/modules-2/files-2.1/com.google.guava/guava/18.0/cce0823396aa693798f8882e64213b1772032b09/guava-18.0.jar:/Users/ben/.gradle/caches/modules-2/files-2.1/com.googlecode.concurrentlinkedhashmap/concurrentlinkedhashmap-lru/1.4.1/93ed68b0db4d27dfd821bcbb355110b9846d1af2/concurrentlinkedhashmap-lru-1.4.1.jar:/Users/ben/.gradle/caches/modules-2/files-2.1/com.jayway.awaitility/awaitility-scala/1.6.3/5b78fdd286750e6f8fd64e92224a1908b0a925b0/awaitility-scala-1.6.3.jar:/Users/ben/.gradle/caches/modules-2/files-2.1/com.jayway.awaitility/awaitility/1.6.3/2b698080294539741574d9f7532eb46bdc2bc345/awaitility-1.6.3.jar:/Users/ben/.gradle/caches/modules-2/files-2.1/net.openhft/koloboke-api-jdk8/0.6.5/21974fdfc53936115e8f64450354a661f2a57fd/koloboke-api-jdk8-0.6.5.jar:/Users/ben/.gradle/caches/modules-2/files-2.1/net.openhft/koloboke-impl-jdk8/0.6.5/6e599824b34b66fd106bf42e3625836942c6687d/koloboke-impl-jdk8-0.6.5.jar:/Users/ben/.gradle/caches/modules-2/files-2.1/net.sf.jopt-simple/jopt-simple/4.6/306816fb57cf94f108a43c95731b08934dcae15c/jopt-simple-4.6.jar:/Users/ben/.gradle/caches/modules-2/files-2.1/org.apache.commons/commons-
Launcher Type: SUN_STANDARD

Environment Variables:
PATH=/usr/bin:/bin:/usr/sbin:/sbin
SHELL=/bin/bash

Signal Handlers:
SIGSEGV: [libjvm.dylib+0x579dc7], sa_mask[0]=11111111011111110111111111111111, sa_flags=SA_ONSTACK|SA_RESTART|SA_SIGINFO
SIGBUS: [libjvm.dylib+0x579dc7], sa_mask[0]=11111111011111110111111111111111, sa_flags=SA_RESTART|SA_SIGINFO
SIGFPE: [libjvm.dylib+0x45b030], sa_mask[0]=11111111011111110111111111111111, sa_flags=SA_RESTART|SA_SIGINFO
SIGPIPE: [libjvm.dylib+0x45b030], sa_mask[0]=11111111011111110111111111111111, sa_flags=SA_RESTART|SA_SIGINFO
SIGXFSZ: [libjvm.dylib+0x45b030], sa_mask[0]=11111111011111110111111111111111, sa_flags=SA_RESTART|SA_SIGINFO
SIGILL: [libjvm.dylib+0x45b030], sa_mask[0]=11111111011111110111111111111111, sa_flags=SA_RESTART|SA_SIGINFO
SIGUSR1: SIG_DFL, sa_mask[0]=00000000000000000000000000000000, sa_flags=none
SIGUSR2: [libjvm.dylib+0x45ab4e], sa_mask[0]=00100000000000000000000000000000, sa_flags=SA_RESTART|SA_SIGINFO
SIGHUP: [libjvm.dylib+0x459121], sa_mask[0]=11111111011111110111111111111111, sa_flags=SA_RESTART|SA_SIGINFO
SIGINT: [libjvm.dylib+0x459121], sa_mask[0]=11111111011111110111111111111111, sa_flags=SA_RESTART|SA_SIGINFO
SIGTERM: [libjvm.dylib+0x459121], sa_mask[0]=11111111011111110111111111111111, sa_flags=SA_RESTART|SA_SIGINFO
SIGQUIT: [libjvm.dylib+0x459121], sa_mask[0]=11111111011111110111111111111111, sa_flags=SA_RESTART|SA_SIGINFO


---------------  S Y S T E M  ---------------

OS:Bsduname:Darwin 14.0.0 Darwin Kernel Version 14.0.0: Fri Sep 19 00:26:44 PDT 2014; root:xnu-2782.1.97~2/RELEASE_X86_64 x86_64
rlimit: STACK 8192k, CORE 0k, NPROC 709, NOFILE 10240, AS infinity
load average:4.90 4.21 2.98

CPU:total 8 (4 cores per cpu, 2 threads per core) family 6 model 70 stepping 1, cmov, cx8, fxsr, mmx, sse, sse2, sse3, ssse3, sse4.1, sse4.2, popcnt, avx, avx2, aes, clmul, erms, rtm, lzcnt, ht, tsc, tscinvbit, bmi1, bmi2

Memory: 4k page, physical 16777216k(2733956k free)

/proc/meminfo:


vm_info: Java HotSpot(TM) 64-Bit Server VM (25.25-b02) for bsd-amd64 JRE (1.8.0_25-b17), built on Sep 17 2014 16:56:50 by "java_re" with gcc 4.2.1 (Based on Apple Inc. build 5658) (LLVM build 2336.11.00)

time: Fri Jan  9 02:14:36 2015
elapsed time: 21 seconds (0d 0h 0m 21s)

